2024-01-14 07:36:30.089 +01:00 [INF] User profile is available. Using 'C:\Users\Administrator\AppData\Local\ASP.NET\DataProtection-Keys' as key repository and Windows DPAPI to encrypt keys at rest.
2024-01-14 07:36:30.343 +01:00 [INF] Now listening on: https://localhost:7293
2024-01-14 07:36:30.345 +01:00 [INF] Now listening on: http://localhost:5081
2024-01-14 07:36:30.348 +01:00 [INF] Application started. Press Ctrl+C to shut down.
2024-01-14 07:36:30.349 +01:00 [INF] Hosting environment: Development
2024-01-14 07:36:30.349 +01:00 [INF] Content root path: C:\Users\Administrator\source\repos\ImageGallery2\ImageGalleryAPI2\ImageGallery
2024-01-14 07:36:33.654 +01:00 [INF] Request starting HTTP/2 GET https://localhost:7293/swagger/index.html - -
2024-01-14 07:36:34.105 +01:00 [INF] Request finished HTTP/2 GET https://localhost:7293/swagger/index.html - - - 200 - text/html;charset=utf-8 455.8018ms
2024-01-14 07:36:34.159 +01:00 [INF] Request starting HTTP/2 GET https://localhost:7293/_vs/browserLink - -
2024-01-14 07:36:34.209 +01:00 [INF] Request finished HTTP/2 GET https://localhost:7293/_vs/browserLink - - - 200 - text/javascript;+charset=UTF-8 50.7791ms
2024-01-14 07:36:34.278 +01:00 [INF] Request starting HTTP/2 GET https://localhost:7293/_framework/aspnetcore-browser-refresh.js - -
2024-01-14 07:36:34.285 +01:00 [INF] Request finished HTTP/2 GET https://localhost:7293/_framework/aspnetcore-browser-refresh.js - - - 200 13760 application/javascript;+charset=utf-8 7.0173ms
2024-01-14 07:36:34.520 +01:00 [INF] Request starting HTTP/2 GET https://localhost:7293/swagger/v1/swagger.json - -
2024-01-14 07:36:34.663 +01:00 [INF] Request finished HTTP/2 GET https://localhost:7293/swagger/v1/swagger.json - - - 200 - application/json;charset=utf-8 142.7845ms
2024-01-14 09:41:43.498 +01:00 [INF] User profile is available. Using 'C:\Users\Administrator\AppData\Local\ASP.NET\DataProtection-Keys' as key repository and Windows DPAPI to encrypt keys at rest.
2024-01-14 09:41:43.755 +01:00 [INF] Now listening on: https://localhost:7293
2024-01-14 09:41:43.756 +01:00 [INF] Now listening on: http://localhost:5081
2024-01-14 09:41:43.759 +01:00 [INF] Application started. Press Ctrl+C to shut down.
2024-01-14 09:41:43.761 +01:00 [INF] Hosting environment: Development
2024-01-14 09:41:43.761 +01:00 [INF] Content root path: C:\Users\Administrator\source\repos\ImageGallery2\ImageGalleryAPI2\ImageGallery
2024-01-14 09:41:47.144 +01:00 [INF] Request starting HTTP/2 GET https://localhost:7293/swagger/index.html - -
2024-01-14 09:41:47.649 +01:00 [INF] Request finished HTTP/2 GET https://localhost:7293/swagger/index.html - - - 200 - text/html;charset=utf-8 509.4135ms
2024-01-14 09:41:47.707 +01:00 [INF] Request starting HTTP/2 GET https://localhost:7293/_vs/browserLink - -
2024-01-14 09:41:47.765 +01:00 [INF] Request finished HTTP/2 GET https://localhost:7293/_vs/browserLink - - - 200 - text/javascript;+charset=UTF-8 58.2276ms
2024-01-14 09:41:47.835 +01:00 [INF] Request starting HTTP/2 GET https://localhost:7293/_framework/aspnetcore-browser-refresh.js - -
2024-01-14 09:41:47.841 +01:00 [INF] Request finished HTTP/2 GET https://localhost:7293/_framework/aspnetcore-browser-refresh.js - - - 200 13760 application/javascript;+charset=utf-8 6.8877ms
2024-01-14 09:41:48.063 +01:00 [INF] Request starting HTTP/2 GET https://localhost:7293/swagger/v1/swagger.json - -
2024-01-14 09:41:48.229 +01:00 [INF] Request finished HTTP/2 GET https://localhost:7293/swagger/v1/swagger.json - - - 200 - application/json;charset=utf-8 165.5593ms
2024-01-14 09:45:51.947 +01:00 [INF] Request starting HTTP/2 GET https://localhost:7293/api/imagegallery/imagelist/id?Id=001%2F000000114&page=1&pageSize=10 - -
2024-01-14 09:45:51.959 +01:00 [INF] Executing endpoint 'HTTP: GET /api/imagegallery/imagelist/id => GetImageListById'
2024-01-14 09:45:52.263 +01:00 [INF] Setting HTTP status code 200.
2024-01-14 09:45:52.270 +01:00 [INF] Writing value of type '<>f__AnonymousType1`4' as Json.
2024-01-14 09:45:52.329 +01:00 [INF] Executed endpoint 'HTTP: GET /api/imagegallery/imagelist/id => GetImageListById'
2024-01-14 09:45:52.343 +01:00 [INF] Request finished HTTP/2 GET https://localhost:7293/api/imagegallery/imagelist/id?Id=001%2F000000114&page=1&pageSize=10 - - - 200 - application/json;+charset=utf-8 395.8410ms
2024-01-14 10:10:51.195 +01:00 [INF] User profile is available. Using 'C:\Users\Administrator\AppData\Local\ASP.NET\DataProtection-Keys' as key repository and Windows DPAPI to encrypt keys at rest.
2024-01-14 10:10:51.407 +01:00 [INF] Now listening on: https://localhost:7293
2024-01-14 10:10:51.408 +01:00 [INF] Now listening on: http://localhost:5081
2024-01-14 10:10:51.411 +01:00 [INF] Application started. Press Ctrl+C to shut down.
2024-01-14 10:10:51.412 +01:00 [INF] Hosting environment: Development
2024-01-14 10:10:51.413 +01:00 [INF] Content root path: C:\Users\Administrator\source\repos\ImageGallery2\ImageGalleryAPI2\ImageGallery
2024-01-14 10:10:54.759 +01:00 [INF] Request starting HTTP/2 GET https://localhost:7293/swagger/index.html - -
2024-01-14 10:10:55.615 +01:00 [INF] Request finished HTTP/2 GET https://localhost:7293/swagger/index.html - - - 200 - text/html;charset=utf-8 859.8901ms
2024-01-14 10:10:55.659 +01:00 [INF] Request starting HTTP/2 GET https://localhost:7293/_vs/browserLink - -
2024-01-14 10:10:55.705 +01:00 [INF] Request finished HTTP/2 GET https://localhost:7293/_vs/browserLink - - - 200 - text/javascript;+charset=UTF-8 46.7201ms
2024-01-14 10:10:55.767 +01:00 [INF] Request starting HTTP/2 GET https://localhost:7293/_framework/aspnetcore-browser-refresh.js - -
2024-01-14 10:10:55.776 +01:00 [INF] Request finished HTTP/2 GET https://localhost:7293/_framework/aspnetcore-browser-refresh.js - - - 200 13760 application/javascript;+charset=utf-8 9.2807ms
2024-01-14 10:10:56.027 +01:00 [INF] Request starting HTTP/2 GET https://localhost:7293/swagger/v1/swagger.json - -
2024-01-14 10:10:56.283 +01:00 [INF] Request finished HTTP/2 GET https://localhost:7293/swagger/v1/swagger.json - - - 200 - application/json;charset=utf-8 256.0307ms
2024-01-14 10:11:33.445 +01:00 [INF] Request starting HTTP/2 GET https://localhost:7293/api/imagegallery/imagelist?Id=001%2F000000059&page=1&pageSize=10 - -
2024-01-14 10:11:33.457 +01:00 [INF] Executing endpoint 'HTTP: GET /api/imagegallery/imagelist => GetImageListById'
2024-01-14 10:11:33.754 +01:00 [INF] Setting HTTP status code 200.
2024-01-14 10:11:33.762 +01:00 [INF] Writing value of type '<>f__AnonymousType1`4' as Json.
2024-01-14 10:11:33.816 +01:00 [INF] Executed endpoint 'HTTP: GET /api/imagegallery/imagelist => GetImageListById'
2024-01-14 10:11:33.826 +01:00 [INF] Request finished HTTP/2 GET https://localhost:7293/api/imagegallery/imagelist?Id=001%2F000000059&page=1&pageSize=10 - - - 200 - application/json;+charset=utf-8 381.5951ms
2024-01-14 11:03:05.059 +01:00 [INF] User profile is available. Using 'C:\Users\Administrator\AppData\Local\ASP.NET\DataProtection-Keys' as key repository and Windows DPAPI to encrypt keys at rest.
2024-01-14 11:03:05.319 +01:00 [INF] Now listening on: https://localhost:7293
2024-01-14 11:03:05.321 +01:00 [INF] Now listening on: http://localhost:5081
2024-01-14 11:03:05.324 +01:00 [INF] Application started. Press Ctrl+C to shut down.
2024-01-14 11:03:05.325 +01:00 [INF] Hosting environment: Development
2024-01-14 11:03:05.326 +01:00 [INF] Content root path: C:\Users\Administrator\source\repos\ImageGallery2\ImageGalleryAPI2\ImageGallery
2024-01-14 11:03:08.821 +01:00 [INF] Request starting HTTP/2 GET https://localhost:7293/swagger/index.html - -
2024-01-14 11:03:09.447 +01:00 [INF] Request finished HTTP/2 GET https://localhost:7293/swagger/index.html - - - 200 - text/html;charset=utf-8 631.5496ms
2024-01-14 11:03:09.629 +01:00 [INF] Request starting HTTP/2 GET https://localhost:7293/_vs/browserLink - -
2024-01-14 11:03:09.629 +01:00 [INF] Request starting HTTP/2 GET https://localhost:7293/_framework/aspnetcore-browser-refresh.js - -
2024-01-14 11:03:09.638 +01:00 [INF] Request finished HTTP/2 GET https://localhost:7293/_framework/aspnetcore-browser-refresh.js - - - 200 13760 application/javascript;+charset=utf-8 9.5871ms
2024-01-14 11:03:09.690 +01:00 [INF] Request finished HTTP/2 GET https://localhost:7293/_vs/browserLink - - - 200 - text/javascript;+charset=UTF-8 61.7274ms
2024-01-14 11:03:10.055 +01:00 [INF] Request starting HTTP/2 GET https://localhost:7293/swagger/v1/swagger.json - -
2024-01-14 11:03:10.215 +01:00 [INF] Request finished HTTP/2 GET https://localhost:7293/swagger/v1/swagger.json - - - 200 - application/json;charset=utf-8 160.0518ms
2024-01-14 11:04:06.776 +01:00 [INF] Request starting HTTP/2 GET https://localhost:7293/api/imagegallery/images/001%2F000000099/list?page=1&pageSize=10 - -
2024-01-14 11:04:06.782 +01:00 [INF] Executing endpoint 'HTTP: GET /api/imagegallery/images/{id}/list => GetImageListById'
2024-01-14 11:04:07.037 +01:00 [INF] Setting HTTP status code 200.
2024-01-14 11:04:07.044 +01:00 [INF] Writing value of type '<>f__AnonymousType1`4' as Json.
2024-01-14 11:04:07.077 +01:00 [INF] Executed endpoint 'HTTP: GET /api/imagegallery/images/{id}/list => GetImageListById'
2024-01-14 11:04:07.089 +01:00 [INF] Request finished HTTP/2 GET https://localhost:7293/api/imagegallery/images/001%2F000000099/list?page=1&pageSize=10 - - - 200 - application/json;+charset=utf-8 312.7747ms
2024-01-14 11:27:30.083 +01:00 [INF] User profile is available. Using 'C:\Users\Administrator\AppData\Local\ASP.NET\DataProtection-Keys' as key repository and Windows DPAPI to encrypt keys at rest.
2024-01-14 11:27:30.314 +01:00 [INF] Now listening on: https://localhost:7293
2024-01-14 11:27:30.316 +01:00 [INF] Now listening on: http://localhost:5081
2024-01-14 11:27:30.320 +01:00 [INF] Application started. Press Ctrl+C to shut down.
2024-01-14 11:27:30.321 +01:00 [INF] Hosting environment: Development
2024-01-14 11:27:30.324 +01:00 [INF] Content root path: C:\Users\Administrator\source\repos\ImageGallery2\ImageGalleryAPI2\ImageGallery
2024-01-14 11:27:30.914 +01:00 [INF] Request starting HTTP/2 GET https://localhost:7293/swagger/index.html - -
2024-01-14 11:27:31.484 +01:00 [INF] Request finished HTTP/2 GET https://localhost:7293/swagger/index.html - - - 200 - text/html;charset=utf-8 576.2293ms
2024-01-14 11:27:31.535 +01:00 [INF] Request starting HTTP/2 GET https://localhost:7293/_vs/browserLink - -
2024-01-14 11:27:31.592 +01:00 [INF] Request finished HTTP/2 GET https://localhost:7293/_vs/browserLink - - - 200 - text/javascript;+charset=UTF-8 57.1317ms
2024-01-14 11:27:31.674 +01:00 [INF] Request starting HTTP/2 GET https://localhost:7293/_framework/aspnetcore-browser-refresh.js - -
2024-01-14 11:27:31.682 +01:00 [INF] Request finished HTTP/2 GET https://localhost:7293/_framework/aspnetcore-browser-refresh.js - - - 200 13760 application/javascript;+charset=utf-8 7.8187ms
2024-01-14 11:27:32.057 +01:00 [INF] Request starting HTTP/2 GET https://localhost:7293/swagger/v1/swagger.json - -
2024-01-14 11:27:32.261 +01:00 [INF] Request finished HTTP/2 GET https://localhost:7293/swagger/v1/swagger.json - - - 200 - application/json;charset=utf-8 203.5184ms
2024-01-14 11:27:58.806 +01:00 [INF] Request starting HTTP/2 GET https://localhost:7293/api/imagegallery/images/001%2F000000099/list?page=1&pageSize=10 - -
2024-01-14 11:27:58.820 +01:00 [INF] Executing endpoint 'HTTP: GET /api/imagegallery/images/{id}/list => GetImageListById'
2024-01-14 11:28:54.611 +01:00 [INF] Setting HTTP status code 200.
2024-01-14 11:28:54.619 +01:00 [INF] Writing value of type '<>f__AnonymousType1`4' as Json.
2024-01-14 11:28:54.670 +01:00 [INF] Executed endpoint 'HTTP: GET /api/imagegallery/images/{id}/list => GetImageListById'
2024-01-14 11:28:54.681 +01:00 [INF] Request finished HTTP/2 GET https://localhost:7293/api/imagegallery/images/001%2F000000099/list?page=1&pageSize=10 - - - 200 - application/json;+charset=utf-8 55874.8744ms
2024-01-14 11:30:25.347 +01:00 [INF] Request starting HTTP/2 GET https://localhost:7293/api/imagegallery/images/001%2F000000118/list?page=1&pageSize=10 - -
2024-01-14 11:30:25.358 +01:00 [INF] Executing endpoint 'HTTP: GET /api/imagegallery/images/{id}/list => GetImageListById'
2024-01-14 11:30:25.374 +01:00 [INF] Setting HTTP status code 200.
2024-01-14 11:30:25.376 +01:00 [INF] Writing value of type '<>f__AnonymousType1`4' as Json.
2024-01-14 11:30:25.378 +01:00 [INF] Executed endpoint 'HTTP: GET /api/imagegallery/images/{id}/list => GetImageListById'
2024-01-14 11:30:25.384 +01:00 [INF] Request finished HTTP/2 GET https://localhost:7293/api/imagegallery/images/001%2F000000118/list?page=1&pageSize=10 - - - 200 - application/json;+charset=utf-8 36.8943ms
2024-01-14 11:31:18.745 +01:00 [INF] Request starting HTTP/2 GET https://localhost:7293/api/imagegallery/imagelist?Id=001%2F000000118&page=1&pageSize=10 - -
2024-01-14 11:31:18.752 +01:00 [INF] Executing endpoint 'HTTP: GET /api/imagegallery/imagelist => GetImageListById'
2024-01-14 11:31:18.763 +01:00 [INF] Setting HTTP status code 200.
2024-01-14 11:31:18.766 +01:00 [INF] Writing value of type '<>f__AnonymousType1`4' as Json.
2024-01-14 11:31:18.769 +01:00 [INF] Executed endpoint 'HTTP: GET /api/imagegallery/imagelist => GetImageListById'
2024-01-14 11:31:18.779 +01:00 [INF] Request finished HTTP/2 GET https://localhost:7293/api/imagegallery/imagelist?Id=001%2F000000118&page=1&pageSize=10 - - - 200 - application/json;+charset=utf-8 33.3236ms
2024-01-14 13:03:37.107 +01:00 [INF] User profile is available. Using 'C:\Users\Administrator\AppData\Local\ASP.NET\DataProtection-Keys' as key repository and Windows DPAPI to encrypt keys at rest.
2024-01-14 13:03:37.864 +01:00 [INF] Now listening on: https://localhost:7293
2024-01-14 13:03:37.866 +01:00 [INF] Now listening on: http://localhost:5081
2024-01-14 13:03:37.871 +01:00 [INF] Application started. Press Ctrl+C to shut down.
2024-01-14 13:03:37.874 +01:00 [INF] Hosting environment: Development
2024-01-14 13:03:37.880 +01:00 [INF] Content root path: C:\Users\Administrator\source\repos\ImageGallery2\ImageGalleryAPI2\ImageGallery
2024-01-14 13:03:40.305 +01:00 [INF] Request starting HTTP/2 GET https://localhost:7293/swagger/index.html - -
2024-01-14 13:03:41.391 +01:00 [INF] Request finished HTTP/2 GET https://localhost:7293/swagger/index.html - - - 200 - text/html;charset=utf-8 1094.9844ms
2024-01-14 13:03:41.538 +01:00 [INF] Request starting HTTP/2 GET https://localhost:7293/_vs/browserLink - -
2024-01-14 13:03:41.712 +01:00 [INF] Request finished HTTP/2 GET https://localhost:7293/_vs/browserLink - - - 200 - text/javascript;+charset=UTF-8 174.3993ms
2024-01-14 13:03:41.825 +01:00 [INF] Request starting HTTP/2 GET https://localhost:7293/_framework/aspnetcore-browser-refresh.js - -
2024-01-14 13:03:41.841 +01:00 [INF] Request finished HTTP/2 GET https://localhost:7293/_framework/aspnetcore-browser-refresh.js - - - 200 13760 application/javascript;+charset=utf-8 15.9608ms
2024-01-14 13:03:42.535 +01:00 [INF] Request starting HTTP/2 GET https://localhost:7293/swagger/v1/swagger.json - -
2024-01-14 13:03:42.989 +01:00 [INF] Request finished HTTP/2 GET https://localhost:7293/swagger/v1/swagger.json - - - 200 - application/json;charset=utf-8 453.2158ms
2024-01-14 13:03:58.571 +01:00 [INF] Request starting HTTP/2 GET https://localhost:7293/api/imagegallery/search?name=oma - -
2024-01-14 13:03:58.578 +01:00 [INF] CORS policy execution successful.
2024-01-14 13:03:58.587 +01:00 [INF] Executing endpoint 'HTTP: GET /api/imagegallery/search => GetFullName'
2024-01-14 13:03:58.887 +01:00 [INF] Setting HTTP status code 200.
2024-01-14 13:03:58.892 +01:00 [INF] Writing value of type '<>f__AnonymousType1`4' as Json.
2024-01-14 13:03:58.933 +01:00 [INF] Executed endpoint 'HTTP: GET /api/imagegallery/search => GetFullName'
2024-01-14 13:03:58.944 +01:00 [INF] Request finished HTTP/2 GET https://localhost:7293/api/imagegallery/search?name=oma - - - 200 - application/json;+charset=utf-8 372.5531ms
2024-01-14 13:04:04.198 +01:00 [INF] Request starting HTTP/2 GET https://localhost:7293/api/imagegallery/search?name=omag - -
2024-01-14 13:04:04.200 +01:00 [INF] CORS policy execution successful.
2024-01-14 13:04:04.202 +01:00 [INF] Executing endpoint 'HTTP: GET /api/imagegallery/search => GetFullName'
2024-01-14 13:04:04.250 +01:00 [INF] Setting HTTP status code 200.
2024-01-14 13:04:04.251 +01:00 [INF] Writing value of type '<>f__AnonymousType1`4' as Json.
2024-01-14 13:04:04.252 +01:00 [INF] Executed endpoint 'HTTP: GET /api/imagegallery/search => GetFullName'
2024-01-14 13:04:04.256 +01:00 [INF] Request finished HTTP/2 GET https://localhost:7293/api/imagegallery/search?name=omag - - - 200 - application/json;+charset=utf-8 58.1230ms
2024-01-14 13:06:08.736 +01:00 [INF] Request starting HTTP/2 POST https://localhost:7293/api/imagegallery/upload multipart/form-data;+boundary=----WebKitFormBoundaryPgFJcVjndubXe05S 355269
2024-01-14 13:06:08.863 +01:00 [INF] CORS policy execution successful.
2024-01-14 13:06:08.913 +01:00 [INF] Executing endpoint 'HTTP: POST /api/imagegallery/upload => UploadImagesWithDetails'
2024-01-14 13:14:55.668 +01:00 [INF] User profile is available. Using 'C:\Users\Administrator\AppData\Local\ASP.NET\DataProtection-Keys' as key repository and Windows DPAPI to encrypt keys at rest.
2024-01-14 13:14:55.867 +01:00 [INF] Now listening on: https://localhost:7293
2024-01-14 13:14:55.868 +01:00 [INF] Now listening on: http://localhost:5081
2024-01-14 13:14:55.870 +01:00 [INF] Application started. Press Ctrl+C to shut down.
2024-01-14 13:14:55.870 +01:00 [INF] Hosting environment: Development
2024-01-14 13:14:55.871 +01:00 [INF] Content root path: C:\Users\Administrator\source\repos\ImageGallery2\ImageGalleryAPI2\ImageGallery
2024-01-14 13:14:59.229 +01:00 [INF] Request starting HTTP/2 GET https://localhost:7293/swagger/index.html - -
2024-01-14 13:14:59.774 +01:00 [INF] Request finished HTTP/2 GET https://localhost:7293/swagger/index.html - - - 200 - text/html;charset=utf-8 552.3831ms
2024-01-14 13:14:59.825 +01:00 [INF] Request starting HTTP/2 GET https://localhost:7293/_vs/browserLink - -
2024-01-14 13:14:59.947 +01:00 [INF] Request finished HTTP/2 GET https://localhost:7293/_vs/browserLink - - - 200 - text/javascript;+charset=UTF-8 120.8114ms
2024-01-14 13:15:00.023 +01:00 [INF] Request starting HTTP/2 GET https://localhost:7293/_framework/aspnetcore-browser-refresh.js - -
2024-01-14 13:15:00.092 +01:00 [INF] Request finished HTTP/2 GET https://localhost:7293/_framework/aspnetcore-browser-refresh.js - - - 200 13760 application/javascript;+charset=utf-8 68.9385ms
2024-01-14 13:15:00.328 +01:00 [INF] Request starting HTTP/2 GET https://localhost:7293/swagger/v1/swagger.json - -
2024-01-14 13:15:00.542 +01:00 [INF] Request finished HTTP/2 GET https://localhost:7293/swagger/v1/swagger.json - - - 200 - application/json;charset=utf-8 214.3424ms
2024-01-14 13:15:19.025 +01:00 [INF] Request starting HTTP/2 POST https://localhost:7293/api/imagegallery/upload multipart/form-data;+boundary=----WebKitFormBoundaryH2PoCvo56WUiZISR 355269
2024-01-14 13:15:19.028 +01:00 [INF] CORS policy execution successful.
2024-01-14 13:15:19.059 +01:00 [INF] Executing endpoint 'HTTP: POST /api/imagegallery/upload => UploadImagesWithDetails'
2024-01-14 13:18:11.134 +01:00 [INF] Setting HTTP status code 200.
2024-01-14 13:18:11.140 +01:00 [INF] Executed endpoint 'HTTP: POST /api/imagegallery/upload => UploadImagesWithDetails'
2024-01-14 13:18:11.175 +01:00 [INF] Request finished HTTP/2 POST https://localhost:7293/api/imagegallery/upload multipart/form-data;+boundary=----WebKitFormBoundaryH2PoCvo56WUiZISR 355269 - 200 0 - 172150.4365ms
2024-01-14 13:42:04.124 +01:00 [INF] User profile is available. Using 'C:\Users\Administrator\AppData\Local\ASP.NET\DataProtection-Keys' as key repository and Windows DPAPI to encrypt keys at rest.
2024-01-14 13:42:04.435 +01:00 [INF] Now listening on: https://localhost:7293
2024-01-14 13:42:04.437 +01:00 [INF] Now listening on: http://localhost:5081
2024-01-14 13:42:04.440 +01:00 [INF] Application started. Press Ctrl+C to shut down.
2024-01-14 13:42:04.441 +01:00 [INF] Hosting environment: Development
2024-01-14 13:42:04.442 +01:00 [INF] Content root path: C:\Users\Administrator\source\repos\ImageGallery2\ImageGalleryAPI2\ImageGallery
2024-01-14 13:42:04.873 +01:00 [INF] Request starting HTTP/2 GET https://localhost:7293/swagger/index.html - -
2024-01-14 13:42:05.381 +01:00 [INF] Request finished HTTP/2 GET https://localhost:7293/swagger/index.html - - - 200 - text/html;charset=utf-8 512.6583ms
2024-01-14 13:42:05.433 +01:00 [INF] Request starting HTTP/2 GET https://localhost:7293/_vs/browserLink - -
2024-01-14 13:42:05.489 +01:00 [INF] Request finished HTTP/2 GET https://localhost:7293/_vs/browserLink - - - 200 - text/javascript;+charset=UTF-8 56.3641ms
2024-01-14 13:42:05.574 +01:00 [INF] Request starting HTTP/2 GET https://localhost:7293/_framework/aspnetcore-browser-refresh.js - -
2024-01-14 13:42:05.582 +01:00 [INF] Request finished HTTP/2 GET https://localhost:7293/_framework/aspnetcore-browser-refresh.js - - - 200 13760 application/javascript;+charset=utf-8 7.9518ms
2024-01-14 13:42:05.850 +01:00 [INF] Request starting HTTP/2 GET https://localhost:7293/swagger/v1/swagger.json - -
2024-01-14 13:42:06.011 +01:00 [INF] Request finished HTTP/2 GET https://localhost:7293/swagger/v1/swagger.json - - - 200 - application/json;charset=utf-8 161.4734ms
2024-01-14 13:42:25.773 +01:00 [INF] Request starting HTTP/2 GET https://localhost:7293/api/imagegallery/search?name=oma - -
2024-01-14 13:42:25.781 +01:00 [INF] CORS policy execution successful.
2024-01-14 13:42:25.795 +01:00 [INF] Executing endpoint 'HTTP: GET /api/imagegallery/search => GetFullName'
2024-01-14 13:42:26.125 +01:00 [INF] Setting HTTP status code 200.
2024-01-14 13:42:26.131 +01:00 [INF] Writing value of type '<>f__AnonymousType1`4' as Json.
2024-01-14 13:42:26.187 +01:00 [INF] Executed endpoint 'HTTP: GET /api/imagegallery/search => GetFullName'
2024-01-14 13:42:26.198 +01:00 [INF] Request finished HTTP/2 GET https://localhost:7293/api/imagegallery/search?name=oma - - - 200 - application/json;+charset=utf-8 424.9827ms
2024-01-14 13:42:26.304 +01:00 [INF] Request starting HTTP/2 GET https://localhost:7293/api/imagegallery/search?name=omag - -
2024-01-14 13:42:26.306 +01:00 [INF] CORS policy execution successful.
2024-01-14 13:42:26.311 +01:00 [INF] Executing endpoint 'HTTP: GET /api/imagegallery/search => GetFullName'
2024-01-14 13:42:26.320 +01:00 [INF] Setting HTTP status code 200.
2024-01-14 13:42:26.323 +01:00 [INF] Writing value of type '<>f__AnonymousType1`4' as Json.
2024-01-14 13:42:26.325 +01:00 [INF] Executed endpoint 'HTTP: GET /api/imagegallery/search => GetFullName'
2024-01-14 13:42:26.329 +01:00 [INF] Request finished HTTP/2 GET https://localhost:7293/api/imagegallery/search?name=omag - - - 200 - application/json;+charset=utf-8 25.1888ms
2024-01-14 13:42:54.344 +01:00 [INF] Request starting HTTP/2 POST https://localhost:7293/api/imagegallery/upload multipart/form-data;+boundary=----WebKitFormBoundary7Gm3cLf8pDDOjYp6 518212
2024-01-14 13:42:54.347 +01:00 [INF] CORS policy execution successful.
2024-01-14 13:42:54.412 +01:00 [INF] Executing endpoint 'HTTP: POST /api/imagegallery/upload => UploadImagesWithDetails'
2024-01-14 13:50:43.954 +01:00 [INF] User profile is available. Using 'C:\Users\Administrator\AppData\Local\ASP.NET\DataProtection-Keys' as key repository and Windows DPAPI to encrypt keys at rest.
2024-01-14 13:50:44.194 +01:00 [INF] Now listening on: https://localhost:7293
2024-01-14 13:50:44.197 +01:00 [INF] Now listening on: http://localhost:5081
2024-01-14 13:50:44.200 +01:00 [INF] Application started. Press Ctrl+C to shut down.
2024-01-14 13:50:44.201 +01:00 [INF] Hosting environment: Development
2024-01-14 13:50:44.201 +01:00 [INF] Content root path: C:\Users\Administrator\source\repos\ImageGallery2\ImageGalleryAPI2\ImageGallery
2024-01-14 13:50:44.725 +01:00 [INF] Request starting HTTP/2 GET https://localhost:7293/swagger/index.html - -
2024-01-14 13:50:45.238 +01:00 [INF] Request finished HTTP/2 GET https://localhost:7293/swagger/index.html - - - 200 - text/html;charset=utf-8 516.8621ms
2024-01-14 13:50:45.292 +01:00 [INF] Request starting HTTP/2 GET https://localhost:7293/_vs/browserLink - -
2024-01-14 13:50:45.357 +01:00 [INF] Request finished HTTP/2 GET https://localhost:7293/_vs/browserLink - - - 200 - text/javascript;+charset=UTF-8 64.4194ms
2024-01-14 13:50:45.429 +01:00 [INF] Request starting HTTP/2 GET https://localhost:7293/_framework/aspnetcore-browser-refresh.js - -
2024-01-14 13:50:45.438 +01:00 [INF] Request finished HTTP/2 GET https://localhost:7293/_framework/aspnetcore-browser-refresh.js - - - 200 13760 application/javascript;+charset=utf-8 8.8717ms
2024-01-14 13:50:45.742 +01:00 [INF] Request starting HTTP/2 GET https://localhost:7293/swagger/v1/swagger.json - -
2024-01-14 13:50:45.938 +01:00 [INF] Request finished HTTP/2 GET https://localhost:7293/swagger/v1/swagger.json - - - 200 - application/json;charset=utf-8 195.8237ms
2024-01-14 13:50:52.376 +01:00 [INF] Request starting HTTP/2 POST https://localhost:7293/api/imagegallery/upload multipart/form-data;+boundary=----WebKitFormBoundaryidjKJUAnHBH7jvth 518212
2024-01-14 13:50:52.386 +01:00 [INF] CORS policy execution successful.
2024-01-14 13:50:52.465 +01:00 [INF] Executing endpoint 'HTTP: POST /api/imagegallery/upload => UploadImagesWithDetails'
2024-01-14 13:57:40.805 +01:00 [INF] User profile is available. Using 'C:\Users\Administrator\AppData\Local\ASP.NET\DataProtection-Keys' as key repository and Windows DPAPI to encrypt keys at rest.
2024-01-14 13:57:41.021 +01:00 [INF] Now listening on: https://localhost:7293
2024-01-14 13:57:41.022 +01:00 [INF] Now listening on: http://localhost:5081
2024-01-14 13:57:41.025 +01:00 [INF] Application started. Press Ctrl+C to shut down.
2024-01-14 13:57:41.025 +01:00 [INF] Hosting environment: Development
2024-01-14 13:57:41.026 +01:00 [INF] Content root path: C:\Users\Administrator\source\repos\ImageGallery2\ImageGalleryAPI2\ImageGallery
2024-01-14 13:57:44.396 +01:00 [INF] Request starting HTTP/2 GET https://localhost:7293/swagger/index.html - -
2024-01-14 13:57:45.183 +01:00 [INF] Request finished HTTP/2 GET https://localhost:7293/swagger/index.html - - - 200 - text/html;charset=utf-8 790.3673ms
2024-01-14 13:57:45.247 +01:00 [INF] Request starting HTTP/2 GET https://localhost:7293/_vs/browserLink - -
2024-01-14 13:57:45.305 +01:00 [INF] Request finished HTTP/2 GET https://localhost:7293/_vs/browserLink - - - 200 - text/javascript;+charset=UTF-8 57.4392ms
2024-01-14 13:57:45.360 +01:00 [INF] Request starting HTTP/2 GET https://localhost:7293/_framework/aspnetcore-browser-refresh.js - -
2024-01-14 13:57:45.367 +01:00 [INF] Request finished HTTP/2 GET https://localhost:7293/_framework/aspnetcore-browser-refresh.js - - - 200 13760 application/javascript;+charset=utf-8 6.2492ms
2024-01-14 13:57:45.630 +01:00 [INF] Request starting HTTP/2 GET https://localhost:7293/swagger/v1/swagger.json - -
2024-01-14 13:57:45.853 +01:00 [INF] Request finished HTTP/2 GET https://localhost:7293/swagger/v1/swagger.json - - - 200 - application/json;charset=utf-8 222.6078ms
2024-01-14 13:57:52.493 +01:00 [INF] Request starting HTTP/2 POST https://localhost:7293/api/imagegallery/upload multipart/form-data;+boundary=----WebKitFormBoundaryxd6UFsoYYBjeHnSS 518212
2024-01-14 13:57:52.500 +01:00 [INF] CORS policy execution successful.
2024-01-14 13:57:52.584 +01:00 [INF] Executing endpoint 'HTTP: POST /api/imagegallery/upload => UploadImagesWithDetails'
2024-01-14 14:01:06.943 +01:00 [INF] User profile is available. Using 'C:\Users\Administrator\AppData\Local\ASP.NET\DataProtection-Keys' as key repository and Windows DPAPI to encrypt keys at rest.
2024-01-14 14:01:07.190 +01:00 [INF] Now listening on: https://localhost:7293
2024-01-14 14:01:07.192 +01:00 [INF] Now listening on: http://localhost:5081
2024-01-14 14:01:07.195 +01:00 [INF] Application started. Press Ctrl+C to shut down.
2024-01-14 14:01:07.196 +01:00 [INF] Hosting environment: Development
2024-01-14 14:01:07.197 +01:00 [INF] Content root path: C:\Users\Administrator\source\repos\ImageGallery2\ImageGalleryAPI2\ImageGallery
2024-01-14 14:01:10.648 +01:00 [INF] Request starting HTTP/2 GET https://localhost:7293/swagger/index.html - -
2024-01-14 14:01:11.434 +01:00 [INF] Request finished HTTP/2 GET https://localhost:7293/swagger/index.html - - - 200 - text/html;charset=utf-8 788.1984ms
2024-01-14 14:01:13.097 +01:00 [INF] Request starting HTTP/2 GET https://localhost:7293/_vs/browserLink - -
2024-01-14 14:01:13.097 +01:00 [INF] Request starting HTTP/2 GET https://localhost:7293/_framework/aspnetcore-browser-refresh.js - -
2024-01-14 14:01:13.113 +01:00 [INF] Request finished HTTP/2 GET https://localhost:7293/_framework/aspnetcore-browser-refresh.js - - - 200 13760 application/javascript;+charset=utf-8 15.0210ms
2024-01-14 14:01:13.159 +01:00 [INF] Request finished HTTP/2 GET https://localhost:7293/_vs/browserLink - - - 200 - text/javascript;+charset=UTF-8 62.0970ms
2024-01-14 14:01:13.294 +01:00 [INF] Request starting HTTP/2 GET https://localhost:7293/swagger/v1/swagger.json - -
2024-01-14 14:01:13.543 +01:00 [INF] Request finished HTTP/2 GET https://localhost:7293/swagger/v1/swagger.json - - - 200 - application/json;charset=utf-8 249.0063ms
2024-01-14 14:01:23.094 +01:00 [INF] Request starting HTTP/2 POST https://localhost:7293/api/imagegallery/upload multipart/form-data;+boundary=----WebKitFormBoundaryAsw6YAdIPNdAb3tn 518212
2024-01-14 14:01:23.101 +01:00 [INF] CORS policy execution successful.
2024-01-14 14:01:23.153 +01:00 [INF] Executing endpoint 'HTTP: POST /api/imagegallery/upload => UploadImagesWithDetails'
2024-01-14 14:02:30.018 +01:00 [INF] Setting HTTP status code 200.
2024-01-14 14:02:30.024 +01:00 [INF] Executed endpoint 'HTTP: POST /api/imagegallery/upload => UploadImagesWithDetails'
2024-01-14 14:02:30.065 +01:00 [INF] Request finished HTTP/2 POST https://localhost:7293/api/imagegallery/upload multipart/form-data;+boundary=----WebKitFormBoundaryAsw6YAdIPNdAb3tn 518212 - 200 0 - 66970.2871ms
2024-01-14 14:03:26.515 +01:00 [INF] Request starting HTTP/2 GET https://localhost:7293/api/imagegallery/search?name=omage - -
2024-01-14 14:03:26.524 +01:00 [INF] CORS policy execution successful.
2024-01-14 14:03:26.530 +01:00 [INF] Executing endpoint 'HTTP: GET /api/imagegallery/search => GetFullName'
2024-01-14 14:03:26.645 +01:00 [INF] Setting HTTP status code 200.
2024-01-14 14:03:26.648 +01:00 [INF] Writing value of type '<>f__AnonymousType1`4' as Json.
2024-01-14 14:03:26.702 +01:00 [INF] Executed endpoint 'HTTP: GET /api/imagegallery/search => GetFullName'
2024-01-14 14:03:26.710 +01:00 [INF] Request finished HTTP/2 GET https://localhost:7293/api/imagegallery/search?name=omage - - - 200 - application/json;+charset=utf-8 194.1699ms
2024-01-14 14:04:01.853 +01:00 [INF] Request starting HTTP/2 POST https://localhost:7293/api/imagegallery/upload multipart/form-data;+boundary=----WebKitFormBoundary74z4BjkYCu71I0ZL 12852817
2024-01-14 14:04:01.859 +01:00 [INF] CORS policy execution successful.
2024-01-14 14:04:02.824 +01:00 [INF] Executing endpoint 'HTTP: POST /api/imagegallery/upload => UploadImagesWithDetails'
2024-01-14 14:04:03.676 +01:00 [INF] Setting HTTP status code 200.
2024-01-14 14:04:03.678 +01:00 [INF] Executed endpoint 'HTTP: POST /api/imagegallery/upload => UploadImagesWithDetails'
2024-01-14 14:04:04.389 +01:00 [INF] Request finished HTTP/2 POST https://localhost:7293/api/imagegallery/upload multipart/form-data;+boundary=----WebKitFormBoundary74z4BjkYCu71I0ZL 12852817 - 200 0 - 2535.3267ms
